
4월 17, 2023 13:51:54.256 NEW SESSION
4월 17, 2023 13:51:54.257 [55948:58176:0417/135154.251:ERROR:chrome_browser_cloud_management_controller.cc(162)] Cloud management controller initialization aborted as CBCM is not enabled.
4월 17, 2023 13:51:54.294 [55948:58176:0417/135154.293:ERROR:api_wrapper.cc(102)] Calling IsEnclaveTypeSupported, error code 0
4월 17, 2023 13:51:54.438 [55948:58176:0417/135154.437:ERROR:assistance_home_client.cc(32)] File path C:\Users\user\AppData\Local\Microsoft\Edge\User Data\Default
4월 17, 2023 13:51:59.712 [55948:58176:0417/135159.712:ERROR:device_event_log_impl.cc(222)] [13:51:59.712] USB: usb_device_handle_win.cc:1046 Failed to read descriptor from node connection: 시스템에 부착된 장치가 작동하지 않습니다. (0x1F)
4월 17, 2023 13:52:00.760 [55948:58176:0417/135200.759:ERROR:fallback_task_provider.cc(124)] Every renderer should have at least one task provided by a primary task provider. If a "Renderer" fallback task is shown, it is a bug. If you have repro steps, please file a new bug and tag it as a dependency of crbug.com/739782.
4월 17, 2023 13:52:00.956 [55948:58176:0417/135200.955:ERROR:fallback_task_provider.cc(124)] Every renderer should have at least one task provided by a primary task provider. If a "Renderer" fallback task is shown, it is a bug. If you have repro steps, please file a new bug and tag it as a dependency of crbug.com/739782.
4월 17, 2023 13:52:02.456 [55948:58176:0417/135202.456:ERROR:fallback_task_provider.cc(124)] Every renderer should have at least one task provided by a primary task provider. If a "Renderer" fallback task is shown, it is a bug. If you have repro steps, please file a new bug and tag it as a dependency of crbug.com/739782.
4월 17, 2023 13:52:03.935 [55948:58176:0417/135203.935:ERROR:fallback_task_provider.cc(124)] Every renderer should have at least one task provided by a primary task provider. If a "Renderer" fallback task is shown, it is a bug. If you have repro steps, please file a new bug and tag it as a dependency of crbug.com/739782.
4월 17, 2023 13:52:08.646 [55948:58176:0417/135208.645:ERROR:CONSOLE(1)] "Uncaught (in promise) TypeError: A message must be provided as a String or AST.", source: devtools://devtools/bundled/third_party/intl-messageformat/intl-messageformat.js (1)
4월 17, 2023 13:52:10.50 [55948:58176:0417/135210.050:ERROR:fallback_task_provider.cc(124)] Every renderer should have at least one task provided by a primary task provider. If a "Renderer" fallback task is shown, it is a bug. If you have repro steps, please file a new bug and tag it as a dependency of crbug.com/739782.

4월 18, 2023 09:03:53.179 NEW SESSION
4월 18, 2023 09:03:53.179 [73640:72076:0418/090353.176:ERROR:chrome_browser_cloud_management_controller.cc(162)] Cloud management controller initialization aborted as CBCM is not enabled.
4월 18, 2023 09:03:53.226 [73640:72076:0418/090353.221:ERROR:api_wrapper.cc(102)] Calling IsEnclaveTypeSupported, error code 0
4월 18, 2023 09:03:53.385 [73640:72076:0418/090353.385:ERROR:assistance_home_client.cc(32)] File path C:\Users\user\AppData\Local\Microsoft\Edge\User Data\Default
4월 18, 2023 09:03:58.953 [73640:72076:0418/090358.951:ERROR:device_event_log_impl.cc(222)] [09:03:58.951] USB: usb_device_handle_win.cc:1046 Failed to read descriptor from node connection: 시스템에 부착된 장치가 작동하지 않습니다. (0x1F)
4월 18, 2023 09:04:00.405 [73640:72076:0418/090400.404:ERROR:fallback_task_provider.cc(124)] Every renderer should have at least one task provided by a primary task provider. If a "Renderer" fallback task is shown, it is a bug. If you have repro steps, please file a new bug and tag it as a dependency of crbug.com/739782.
4월 18, 2023 09:04:00.749 [73640:72076:0418/090400.748:ERROR:fallback_task_provider.cc(124)] Every renderer should have at least one task provided by a primary task provider. If a "Renderer" fallback task is shown, it is a bug. If you have repro steps, please file a new bug and tag it as a dependency of crbug.com/739782.
4월 18, 2023 09:04:07.544 [73640:72076:0418/090407.543:ERROR:fallback_task_provider.cc(124)] Every renderer should have at least one task provided by a primary task provider. If a "Renderer" fallback task is shown, it is a bug. If you have repro steps, please file a new bug and tag it as a dependency of crbug.com/739782.
4월 18, 2023 13:28:09.477 기존 브라우저 세션에서 열기

4월 19, 2023 09:01:27.999 NEW SESSION
4월 19, 2023 09:01:28.00 [98184:69964:0419/090127.997:ERROR:chrome_browser_cloud_management_controller.cc(162)] Cloud management controller initialization aborted as CBCM is not enabled.
4월 19, 2023 09:01:28.31 [98184:69964:0419/090128.030:ERROR:api_wrapper.cc(102)] Calling IsEnclaveTypeSupported, error code 0
4월 19, 2023 09:01:28.133 [98184:69964:0419/090128.133:ERROR:assistance_home_client.cc(32)] File path C:\Users\user\AppData\Local\Microsoft\Edge\User Data\Default
4월 19, 2023 09:01:33.555 [98184:69964:0419/090133.554:ERROR:device_event_log_impl.cc(222)] [09:01:33.554] USB: usb_device_handle_win.cc:1046 Failed to read descriptor from node connection: 시스템에 부착된 장치가 작동하지 않습니다. (0x1F)
4월 19, 2023 09:01:34.524 [98184:69964:0419/090134.521:ERROR:fallback_task_provider.cc(124)] Every renderer should have at least one task provided by a primary task provider. If a "Renderer" fallback task is shown, it is a bug. If you have repro steps, please file a new bug and tag it as a dependency of crbug.com/739782.
4월 19, 2023 09:01:35.370 [98184:69964:0419/090135.369:ERROR:fallback_task_provider.cc(124)] Every renderer should have at least one task provided by a primary task provider. If a "Renderer" fallback task is shown, it is a bug. If you have repro steps, please file a new bug and tag it as a dependency of crbug.com/739782.
4월 19, 2023 09:01:43.207 [98184:69964:0419/090143.206:ERROR:fallback_task_provider.cc(124)] Every renderer should have at least one task provided by a primary task provider. If a "Renderer" fallback task is shown, it is a bug. If you have repro steps, please file a new bug and tag it as a dependency of crbug.com/739782.
4월 19, 2023 09:01:43.424 [98184:69964:0419/090143.423:ERROR:fallback_task_provider.cc(124)] Every renderer should have at least one task provided by a primary task provider. If a "Renderer" fallback task is shown, it is a bug. If you have repro steps, please file a new bug and tag it as a dependency of crbug.com/739782.
4월 19, 2023 09:34:02.262 [98184:69964:0419/093402.260:ERROR:fallback_task_provider.cc(124)] Every renderer should have at least one task provided by a primary task provider. If a "Renderer" fallback task is shown, it is a bug. If you have repro steps, please file a new bug and tag it as a dependency of crbug.com/739782.
4월 19, 2023 09:34:02.973 [98184:69964:0419/093402.971:ERROR:fallback_task_provider.cc(124)] Every renderer should have at least one task provided by a primary task provider. If a "Renderer" fallback task is shown, it is a bug. If you have repro steps, please file a new bug and tag it as a dependency of crbug.com/739782.

4월 21, 2023 13:32:29.281 NEW SESSION
4월 21, 2023 13:32:29.282 [172636:170144:0421/133229.276:ERROR:chrome_browser_cloud_management_controller.cc(162)] Cloud management controller initialization aborted as CBCM is not enabled.
4월 21, 2023 13:32:29.349 [172636:170144:0421/133229.348:ERROR:api_wrapper.cc(102)] Calling IsEnclaveTypeSupported, error code 0
4월 21, 2023 13:32:30.82 [172636:170144:0421/133230.081:ERROR:assistance_home_client.cc(32)] File path C:\Users\user\AppData\Local\Microsoft\Edge\User Data\Default
4월 21, 2023 13:32:38.615 [172636:170144:0421/133238.614:ERROR:device_event_log_impl.cc(222)] [13:32:38.614] USB: usb_device_handle_win.cc:1046 Failed to read descriptor from node connection: 시스템에 부착된 장치가 작동하지 않습니다. (0x1F)
4월 21, 2023 13:32:39.641 [172636:170144:0421/133239.641:ERROR:fallback_task_provider.cc(124)] Every renderer should have at least one task provided by a primary task provider. If a "Renderer" fallback task is shown, it is a bug. If you have repro steps, please file a new bug and tag it as a dependency of crbug.com/739782.
4월 21, 2023 13:32:41.948 [172636:170144:0421/133241.946:ERROR:CONSOLE(1)] "Failed to execute 'postMessage' on 'DOMWindow': The target origin provided ('https://edgeservices.bing.com') does not match the recipient window's origin ('edge://discover-chat').", source: edge://discover-chat/underside-chat.bundle.js (1)
4월 21, 2023 13:32:42.538 [172636:170144:0421/133242.537:ERROR:fallback_task_provider.cc(124)] Every renderer should have at least one task provided by a primary task provider. If a "Renderer" fallback task is shown, it is a bug. If you have repro steps, please file a new bug and tag it as a dependency of crbug.com/739782.
4월 21, 2023 13:32:50.338 [172636:170144:0421/133250.338:ERROR:fallback_task_provider.cc(124)] Every renderer should have at least one task provided by a primary task provider. If a "Renderer" fallback task is shown, it is a bug. If you have repro steps, please file a new bug and tag it as a dependency of crbug.com/739782.

4월 25, 2023 10:02:06.485 NEW SESSION
4월 25, 2023 10:02:06.488 [216000:205964:0425/100206.440:ERROR:chrome_browser_cloud_management_controller.cc(162)] Cloud management controller initialization aborted as CBCM is not enabled.
4월 25, 2023 10:02:07.25 [216000:205964:0425/100207.024:ERROR:api_wrapper.cc(102)] Calling IsEnclaveTypeSupported, error code 0
4월 25, 2023 10:02:07.515 [216000:205964:0425/100207.513:ERROR:assistance_home_client.cc(32)] File path C:\Users\user\AppData\Local\Microsoft\Edge\User Data\Default
4월 25, 2023 10:02:20.448 [216000:205964:0425/100220.444:ERROR:fallback_task_provider.cc(124)] Every renderer should have at least one task provided by a primary task provider. If a "Renderer" fallback task is shown, it is a bug. If you have repro steps, please file a new bug and tag it as a dependency of crbug.com/739782.
4월 25, 2023 10:02:23.215 [216000:205964:0425/100223.213:ERROR:device_event_log_impl.cc(222)] [10:02:23.212] USB: usb_device_handle_win.cc:1046 Failed to read descriptor from node connection: 시스템에 부착된 장치가 작동하지 않습니다. (0x1F)
4월 25, 2023 10:02:25.47 [216000:205964:0425/100225.046:ERROR:fallback_task_provider.cc(124)] Every renderer should have at least one task provided by a primary task provider. If a "Renderer" fallback task is shown, it is a bug. If you have repro steps, please file a new bug and tag it as a dependency of crbug.com/739782.
4월 25, 2023 10:02:36.466 [216000:205964:0425/100236.465:ERROR:processor_entity.cc(171)] Metadata has an exisiting server id that will be overwritten with the current update entity id.metadata server_id: a48bfd63-2574-4d8d-a44c-6a50b81dfc95 update.entity.id: a48bfd63-2574-4d8d-a44c-6a50b81dfc95
4월 25, 2023 10:03:02.760 [216000:205964:0425/100302.757:ERROR:fallback_task_provider.cc(124)] Every renderer should have at least one task provided by a primary task provider. If a "Renderer" fallback task is shown, it is a bug. If you have repro steps, please file a new bug and tag it as a dependency of crbug.com/739782.
4월 25, 2023 10:03:18.813 [216000:205964:0425/100318.812:ERROR:extension_util.cc(428)] All good, returning true
4월 25, 2023 10:04:01.433 [216000:205964:0425/100401.427:ERROR:fallback_task_provider.cc(124)] Every renderer should have at least one task provided by a primary task provider. If a "Renderer" fallback task is shown, it is a bug. If you have repro steps, please file a new bug and tag it as a dependency of crbug.com/739782.

4월 26, 2023 09:11:52.959 NEW SESSION
4월 26, 2023 09:11:52.961 [250840:252100:0426/091152.923:ERROR:chrome_browser_cloud_management_controller.cc(162)] Cloud management controller initialization aborted as CBCM is not enabled.
4월 26, 2023 09:11:53.658 [250840:252100:0426/091153.657:ERROR:api_wrapper.cc(102)] Calling IsEnclaveTypeSupported, error code 0
4월 26, 2023 09:11:54.36 [250840:252100:0426/091154.035:ERROR:assistance_home_client.cc(32)] File path C:\Users\user\AppData\Local\Microsoft\Edge\User Data\Default
4월 26, 2023 09:12:02.301 [250840:252100:0426/091202.287:ERROR:device_event_log_impl.cc(222)] [09:12:02.286] USB: usb_device_handle_win.cc:1046 Failed to read descriptor from node connection: 시스템에 부착된 장치가 작동하지 않습니다. (0x1F)
4월 26, 2023 09:12:04.748 [250840:252100:0426/091204.740:ERROR:fallback_task_provider.cc(124)] Every renderer should have at least one task provided by a primary task provider. If a "Renderer" fallback task is shown, it is a bug. If you have repro steps, please file a new bug and tag it as a dependency of crbug.com/739782.
4월 26, 2023 09:12:14.738 [250840:252100:0426/091214.737:ERROR:processor_entity.cc(171)] Metadata has an exisiting server id that will be overwritten with the current update entity id.metadata server_id:  update.entity.id: d6b20f87-1e31-44d0-bbff-72acc1a946e5
4월 26, 2023 09:13:05.778 [250840:252100:0426/091305.773:ERROR:fallback_task_provider.cc(124)] Every renderer should have at least one task provided by a primary task provider. If a "Renderer" fallback task is shown, it is a bug. If you have repro steps, please file a new bug and tag it as a dependency of crbug.com/739782.
4월 26, 2023 09:28:52.553 [253464:226880:0426/092852.551:ERROR:chrome_browser_cloud_management_controller.cc(162)] Cloud management controller initialization aborted as CBCM is not enabled.
4월 26, 2023 09:28:52.701 [253464:226880:0426/092852.700:ERROR:api_wrapper.cc(102)] Calling IsEnclaveTypeSupported, error code 0
4월 26, 2023 09:28:53.11 [253464:226880:0426/092853.010:ERROR:assistance_home_client.cc(32)] File path C:\Users\user\AppData\Local\Microsoft\Edge\User Data\Default
4월 26, 2023 09:28:59.378 [253464:226880:0426/092859.377:ERROR:fallback_task_provider.cc(124)] Every renderer should have at least one task provided by a primary task provider. If a "Renderer" fallback task is shown, it is a bug. If you have repro steps, please file a new bug and tag it as a dependency of crbug.com/739782.
4월 26, 2023 09:29:00.109 [253464:226880:0426/092900.109:ERROR:fallback_task_provider.cc(124)] Every renderer should have at least one task provided by a primary task provider. If a "Renderer" fallback task is shown, it is a bug. If you have repro steps, please file a new bug and tag it as a dependency of crbug.com/739782.
4월 26, 2023 09:29:06.794 [253464:226880:0426/092906.783:ERROR:device_event_log_impl.cc(222)] [09:29:06.783] USB: usb_device_handle_win.cc:1046 Failed to read descriptor from node connection: 시스템에 부착된 장치가 작동하지 않습니다. (0x1F)
4월 26, 2023 09:29:09.817 [253464:226880:0426/092909.816:ERROR:fallback_task_provider.cc(124)] Every renderer should have at least one task provided by a primary task provider. If a "Renderer" fallback task is shown, it is a bug. If you have repro steps, please file a new bug and tag it as a dependency of crbug.com/739782.
4월 26, 2023 09:29:38.108 [253464:226880:0426/092938.107:ERROR:fallback_task_provider.cc(124)] Every renderer should have at least one task provided by a primary task provider. If a "Renderer" fallback task is shown, it is a bug. If you have repro steps, please file a new bug and tag it as a dependency of crbug.com/739782.
4월 26, 2023 10:25:50.161 [253464:226880:0426/102550.149:ERROR:fallback_task_provider.cc(124)] Every renderer should have at least one task provided by a primary task provider. If a "Renderer" fallback task is shown, it is a bug. If you have repro steps, please file a new bug and tag it as a dependency of crbug.com/739782.
