
5월 03, 2023 16:14:28.684 NEW SESSION
5월 03, 2023 16:14:28.688 [379812:379816:0503/161428.678:ERROR:chrome_browser_cloud_management_controller.cc(162)] Cloud management controller initialization aborted as CBCM is not enabled.
5월 03, 2023 16:14:28.802 [379812:379816:0503/161428.802:ERROR:api_wrapper.cc(102)] Calling IsEnclaveTypeSupported, error code 0
5월 03, 2023 16:14:30.45 [379812:379816:0503/161430.045:ERROR:assistance_home_client.cc(32)] File path C:\Users\user\AppData\Local\Microsoft\Edge\User Data\Default
5월 03, 2023 16:14:41.288 [379812:379816:0503/161441.287:ERROR:device_event_log_impl.cc(222)] [16:14:41.287] USB: usb_device_handle_win.cc:1046 Failed to read descriptor from node connection: 시스템에 부착된 장치가 작동하지 않습니다. (0x1F)
5월 03, 2023 16:14:42.758 [379812:379816:0503/161442.757:ERROR:fallback_task_provider.cc(124)] Every renderer should have at least one task provided by a primary task provider. If a "Renderer" fallback task is shown, it is a bug. If you have repro steps, please file a new bug and tag it as a dependency of crbug.com/739782.
5월 03, 2023 16:14:58.152 [379812:379816:0503/161458.151:ERROR:fallback_task_provider.cc(124)] Every renderer should have at least one task provided by a primary task provider. If a "Renderer" fallback task is shown, it is a bug. If you have repro steps, please file a new bug and tag it as a dependency of crbug.com/739782.
5월 03, 2023 16:15:01.381 [379812:379816:0503/161501.380:ERROR:fallback_task_provider.cc(124)] Every renderer should have at least one task provided by a primary task provider. If a "Renderer" fallback task is shown, it is a bug. If you have repro steps, please file a new bug and tag it as a dependency of crbug.com/739782.
5월 03, 2023 16:15:11.462 [379812:379816:0503/161511.461:ERROR:fallback_task_provider.cc(124)] Every renderer should have at least one task provided by a primary task provider. If a "Renderer" fallback task is shown, it is a bug. If you have repro steps, please file a new bug and tag it as a dependency of crbug.com/739782.

5월 04, 2023 09:14:06.945 NEW SESSION
5월 04, 2023 09:14:06.946 [423212:422464:0504/091406.440:ERROR:chrome_browser_cloud_management_controller.cc(162)] Cloud management controller initialization aborted as CBCM is not enabled.
5월 04, 2023 09:14:07.77 [423212:422464:0504/091407.076:ERROR:api_wrapper.cc(102)] Calling IsEnclaveTypeSupported, error code 0
5월 04, 2023 09:14:07.873 [423212:422464:0504/091407.872:ERROR:assistance_home_client.cc(32)] File path C:\Users\user\AppData\Local\Microsoft\Edge\User Data\Default
5월 04, 2023 09:14:13.694 [423212:422464:0504/091413.690:ERROR:device_event_log_impl.cc(222)] [09:14:13.690] USB: usb_device_handle_win.cc:1046 Failed to read descriptor from node connection: 시스템에 부착된 장치가 작동하지 않습니다. (0x1F)
5월 04, 2023 09:14:15.38 [423212:422464:0504/091415.036:ERROR:fallback_task_provider.cc(124)] Every renderer should have at least one task provided by a primary task provider. If a "Renderer" fallback task is shown, it is a bug. If you have repro steps, please file a new bug and tag it as a dependency of crbug.com/739782.
5월 04, 2023 09:14:25.328 [423212:422464:0504/091425.327:ERROR:fallback_task_provider.cc(124)] Every renderer should have at least one task provided by a primary task provider. If a "Renderer" fallback task is shown, it is a bug. If you have repro steps, please file a new bug and tag it as a dependency of crbug.com/739782.
5월 04, 2023 09:29:15.593 [423212:422464:0504/092915.587:ERROR:fallback_task_provider.cc(124)] Every renderer should have at least one task provided by a primary task provider. If a "Renderer" fallback task is shown, it is a bug. If you have repro steps, please file a new bug and tag it as a dependency of crbug.com/739782.
5월 04, 2023 10:03:18.848 [423212:422464:0504/100318.838:ERROR:fallback_task_provider.cc(124)] Every renderer should have at least one task provided by a primary task provider. If a "Renderer" fallback task is shown, it is a bug. If you have repro steps, please file a new bug and tag it as a dependency of crbug.com/739782.
5월 04, 2023 10:06:47.511 [423212:422464:0504/100647.400:ERROR:fallback_task_provider.cc(124)] Every renderer should have at least one task provided by a primary task provider. If a "Renderer" fallback task is shown, it is a bug. If you have repro steps, please file a new bug and tag it as a dependency of crbug.com/739782.
5월 04, 2023 10:07:02.710 [423212:387264:0504/100702.709:ERROR:cert_issuer_source_aia.cc(34)] Error parsing cert retrieved from AIA (as DER):
5월 04, 2023 10:07:02.711 ERROR: Couldn't read tbsCertificate as SEQUENCE
5월 04, 2023 10:07:02.711 ERROR: Failed parsing Certificate
5월 04, 2023 10:07:02.713 
5월 04, 2023 10:07:02.715 [423212:387264:0504/100702.715:ERROR:cert_issuer_source_aia.cc(34)] Error parsing cert retrieved from AIA (as DER):
5월 04, 2023 10:07:02.716 ERROR: Couldn't read tbsCertificate as SEQUENCE
5월 04, 2023 10:07:02.717 ERROR: Failed parsing Certificate
5월 04, 2023 10:07:02.717 
5월 04, 2023 10:07:02.755 [423212:387264:0504/100702.755:ERROR:cert_verify_proc_builtin.cc(678)] CertVerifyProcBuiltin for code.yengo.com failed:
5월 04, 2023 10:07:02.756 ----- Certificate i=0 (CN=code.yengo.com) -----
5월 04, 2023 10:07:02.756 ERROR: Time is after notAfter
5월 04, 2023 10:07:02.757 
5월 04, 2023 10:07:02.758 
5월 04, 2023 10:09:00.859 [423212:422464:0504/100900.856:ERROR:fallback_task_provider.cc(124)] Every renderer should have at least one task provided by a primary task provider. If a "Renderer" fallback task is shown, it is a bug. If you have repro steps, please file a new bug and tag it as a dependency of crbug.com/739782.
5월 04, 2023 10:10:10.387 [423212:422464:0504/101010.387:ERROR:fallback_task_provider.cc(124)] Every renderer should have at least one task provided by a primary task provider. If a "Renderer" fallback task is shown, it is a bug. If you have repro steps, please file a new bug and tag it as a dependency of crbug.com/739782.
5월 04, 2023 10:10:25.395 [423212:422464:0504/101025.395:ERROR:fallback_task_provider.cc(124)] Every renderer should have at least one task provided by a primary task provider. If a "Renderer" fallback task is shown, it is a bug. If you have repro steps, please file a new bug and tag it as a dependency of crbug.com/739782.
5월 04, 2023 10:12:40.480 [423212:422464:0504/101240.479:ERROR:fallback_task_provider.cc(124)] Every renderer should have at least one task provided by a primary task provider. If a "Renderer" fallback task is shown, it is a bug. If you have repro steps, please file a new bug and tag it as a dependency of crbug.com/739782.
5월 04, 2023 10:12:52.476 [423212:422464:0504/101252.476:ERROR:fallback_task_provider.cc(124)] Every renderer should have at least one task provided by a primary task provider. If a "Renderer" fallback task is shown, it is a bug. If you have repro steps, please file a new bug and tag it as a dependency of crbug.com/739782.
5월 04, 2023 10:15:38.342 [423212:422464:0504/101537.949:ERROR:fallback_task_provider.cc(124)] Every renderer should have at least one task provided by a primary task provider. If a "Renderer" fallback task is shown, it is a bug. If you have repro steps, please file a new bug and tag it as a dependency of crbug.com/739782.
5월 04, 2023 10:15:50.619 [423212:422464:0504/101550.618:ERROR:fallback_task_provider.cc(124)] Every renderer should have at least one task provided by a primary task provider. If a "Renderer" fallback task is shown, it is a bug. If you have repro steps, please file a new bug and tag it as a dependency of crbug.com/739782.
5월 04, 2023 10:16:25.730 [423212:422464:0504/101625.729:ERROR:fallback_task_provider.cc(124)] Every renderer should have at least one task provided by a primary task provider. If a "Renderer" fallback task is shown, it is a bug. If you have repro steps, please file a new bug and tag it as a dependency of crbug.com/739782.
5월 04, 2023 10:16:35.688 [423212:422464:0504/101635.687:ERROR:fallback_task_provider.cc(124)] Every renderer should have at least one task provided by a primary task provider. If a "Renderer" fallback task is shown, it is a bug. If you have repro steps, please file a new bug and tag it as a dependency of crbug.com/739782.
5월 04, 2023 10:16:45.716 [423212:422464:0504/101645.715:ERROR:fallback_task_provider.cc(124)] Every renderer should have at least one task provided by a primary task provider. If a "Renderer" fallback task is shown, it is a bug. If you have repro steps, please file a new bug and tag it as a dependency of crbug.com/739782.
5월 04, 2023 10:17:00.744 [423212:422464:0504/101700.744:ERROR:fallback_task_provider.cc(124)] Every renderer should have at least one task provided by a primary task provider. If a "Renderer" fallback task is shown, it is a bug. If you have repro steps, please file a new bug and tag it as a dependency of crbug.com/739782.
5월 04, 2023 10:17:56.853 [423212:422464:0504/101756.852:ERROR:fallback_task_provider.cc(124)] Every renderer should have at least one task provided by a primary task provider. If a "Renderer" fallback task is shown, it is a bug. If you have repro steps, please file a new bug and tag it as a dependency of crbug.com/739782.
5월 04, 2023 10:18:50.09 [423212:422464:0504/101850.009:ERROR:fallback_task_provider.cc(124)] Every renderer should have at least one task provided by a primary task provider. If a "Renderer" fallback task is shown, it is a bug. If you have repro steps, please file a new bug and tag it as a dependency of crbug.com/739782.
5월 04, 2023 10:19:34.999 [423212:422464:0504/101934.998:ERROR:fallback_task_provider.cc(124)] Every renderer should have at least one task provided by a primary task provider. If a "Renderer" fallback task is shown, it is a bug. If you have repro steps, please file a new bug and tag it as a dependency of crbug.com/739782.
5월 04, 2023 10:20:44.430 [423212:422464:0504/102044.429:ERROR:fallback_task_provider.cc(124)] Every renderer should have at least one task provided by a primary task provider. If a "Renderer" fallback task is shown, it is a bug. If you have repro steps, please file a new bug and tag it as a dependency of crbug.com/739782.
5월 04, 2023 10:22:22.818 [423212:422464:0504/102222.817:ERROR:fallback_task_provider.cc(124)] Every renderer should have at least one task provided by a primary task provider. If a "Renderer" fallback task is shown, it is a bug. If you have repro steps, please file a new bug and tag it as a dependency of crbug.com/739782.
5월 04, 2023 10:22:46.599 [423212:422464:0504/102246.598:ERROR:fallback_task_provider.cc(124)] Every renderer should have at least one task provided by a primary task provider. If a "Renderer" fallback task is shown, it is a bug. If you have repro steps, please file a new bug and tag it as a dependency of crbug.com/739782.
5월 04, 2023 10:23:25.703 [423212:422464:0504/102325.701:ERROR:fallback_task_provider.cc(124)] Every renderer should have at least one task provided by a primary task provider. If a "Renderer" fallback task is shown, it is a bug. If you have repro steps, please file a new bug and tag it as a dependency of crbug.com/739782.
5월 04, 2023 10:24:01.507 [423212:422464:0504/102401.507:ERROR:fallback_task_provider.cc(124)] Every renderer should have at least one task provided by a primary task provider. If a "Renderer" fallback task is shown, it is a bug. If you have repro steps, please file a new bug and tag it as a dependency of crbug.com/739782.
5월 04, 2023 10:25:42.163 [423212:422464:0504/102542.162:ERROR:fallback_task_provider.cc(124)] Every renderer should have at least one task provided by a primary task provider. If a "Renderer" fallback task is shown, it is a bug. If you have repro steps, please file a new bug and tag it as a dependency of crbug.com/739782.
5월 04, 2023 10:26:13.405 [423212:422464:0504/102613.404:ERROR:fallback_task_provider.cc(124)] Every renderer should have at least one task provided by a primary task provider. If a "Renderer" fallback task is shown, it is a bug. If you have repro steps, please file a new bug and tag it as a dependency of crbug.com/739782.
5월 04, 2023 10:27:17.764 [423212:422464:0504/102717.763:ERROR:fallback_task_provider.cc(124)] Every renderer should have at least one task provided by a primary task provider. If a "Renderer" fallback task is shown, it is a bug. If you have repro steps, please file a new bug and tag it as a dependency of crbug.com/739782.
5월 04, 2023 10:27:42.486 [423212:422464:0504/102742.485:ERROR:fallback_task_provider.cc(124)] Every renderer should have at least one task provided by a primary task provider. If a "Renderer" fallback task is shown, it is a bug. If you have repro steps, please file a new bug and tag it as a dependency of crbug.com/739782.
5월 04, 2023 10:28:47.558 [423212:422464:0504/102847.556:ERROR:fallback_task_provider.cc(124)] Every renderer should have at least one task provided by a primary task provider. If a "Renderer" fallback task is shown, it is a bug. If you have repro steps, please file a new bug and tag it as a dependency of crbug.com/739782.
5월 04, 2023 10:30:29.933 [423212:422464:0504/103029.848:ERROR:fallback_task_provider.cc(124)] Every renderer should have at least one task provided by a primary task provider. If a "Renderer" fallback task is shown, it is a bug. If you have repro steps, please file a new bug and tag it as a dependency of crbug.com/739782.
5월 04, 2023 10:30:57.905 [423212:422464:0504/103057.866:ERROR:fallback_task_provider.cc(124)] Every renderer should have at least one task provided by a primary task provider. If a "Renderer" fallback task is shown, it is a bug. If you have repro steps, please file a new bug and tag it as a dependency of crbug.com/739782.
5월 04, 2023 10:32:08.66 [423212:422464:0504/103208.065:ERROR:fallback_task_provider.cc(124)] Every renderer should have at least one task provided by a primary task provider. If a "Renderer" fallback task is shown, it is a bug. If you have repro steps, please file a new bug and tag it as a dependency of crbug.com/739782.
5월 04, 2023 10:32:29.265 [423212:422464:0504/103229.264:ERROR:fallback_task_provider.cc(124)] Every renderer should have at least one task provided by a primary task provider. If a "Renderer" fallback task is shown, it is a bug. If you have repro steps, please file a new bug and tag it as a dependency of crbug.com/739782.
5월 04, 2023 10:35:25.602 [423212:422464:0504/103525.601:ERROR:fallback_task_provider.cc(124)] Every renderer should have at least one task provided by a primary task provider. If a "Renderer" fallback task is shown, it is a bug. If you have repro steps, please file a new bug and tag it as a dependency of crbug.com/739782.
